TN:
SF:index.js
FNF:0
FNH:0
DA:1,1
DA:2,1
DA:3,1
DA:4,1
DA:5,1
DA:6,1
DA:7,1
DA:8,1
DA:9,1
DA:10,1
DA:11,1
DA:12,1
DA:13,1
DA:14,1
DA:15,1
DA:16,1
DA:17,1
DA:18,1
DA:19,1
DA:20,1
DA:21,1
DA:22,1
DA:23,1
DA:24,1
DA:25,1
DA:26,1
DA:27,1
DA:28,1
DA:29,1
DA:30,1
DA:31,7
DA:32,7
DA:33,1
DA:34,1
DA:35,1
DA:36,1
DA:37,1
DA:38,1
DA:39,1
DA:40,6
DA:41,6
DA:42,6
DA:43,1
DA:44,1
DA:45,1
DA:46,1
DA:47,1
DA:48,0
DA:49,0
DA:50,0
DA:51,0
DA:52,1
DA:53,1
LF:53
LH:49
BRDA:47,0,0,0
BRDA:30,1,0,7
BRDA:39,2,0,6
BRDA:40,3,0,0
BRF:4
BRH:2
end_of_record
TN:
SF:controllers\organisation.js
FN:6,newOrganisation
FN:62,getOrganisation
FN:80,deleteOrganisation
FN:108,getAllRobots
FN:174,addRobotToOrganisation
FNF:5
FNH:5
FNDA:4,newOrganisation
FNDA:3,getOrganisation
FNDA:2,deleteOrganisation
FNDA:4,getAllRobots
FNDA:4,addRobotToOrganisation
DA:1,1
DA:2,1
DA:3,1
DA:4,1
DA:5,1
DA:6,1
DA:7,4
DA:8,4
DA:9,4
DA:10,0
DA:11,0
DA:12,0
DA:13,4
DA:14,4
DA:15,4
DA:16,1
DA:17,1
DA:18,1
DA:19,3
DA:20,3
DA:21,3
DA:22,3
DA:23,3
DA:24,2
DA:25,2
DA:26,2
DA:27,0
DA:28,0
DA:29,0
DA:30,2
DA:31,2
DA:32,2
DA:33,2
DA:34,2
DA:35,2
DA:36,2
DA:37,2
DA:38,2
DA:39,2
DA:40,2
DA:41,2
DA:42,2
DA:43,0
DA:44,0
DA:45,0
DA:46,2
DA:47,2
DA:48,2
DA:49,3
DA:50,1
DA:51,0
DA:52,0
DA:53,0
DA:54,1
DA:55,1
DA:56,1
DA:57,3
DA:58,3
DA:59,1
DA:60,1
DA:61,1
DA:62,1
DA:63,3
DA:64,3
DA:65,3
DA:66,3
DA:67,0
DA:68,0
DA:69,0
DA:70,3
DA:71,2
DA:72,3
DA:73,1
DA:74,1
DA:75,1
DA:76,3
DA:77,3
DA:78,1
DA:79,1
DA:80,1
DA:81,2
DA:82,2
DA:83,2
DA:84,2
DA:85,0
DA:86,0
DA:87,0
DA:88,2
DA:89,1
DA:90,1
DA:91,1
DA:92,0
DA:93,0
DA:94,0
DA:95,1
DA:96,1
DA:97,1
DA:98,1
DA:99,1
DA:100,1
DA:101,1
DA:102,2
DA:103,2
DA:104,1
DA:105,1
DA:106,1
DA:107,1
DA:108,1
DA:109,4
DA:110,4
DA:111,4
DA:112,4
DA:113,4
DA:114,4
DA:115,4
DA:116,4
DA:117,4
DA:118,4
DA:119,4
DA:120,4
DA:121,0
DA:122,0
DA:123,0
DA:124,4
DA:125,1
DA:126,1
DA:127,1
DA:128,3
DA:129,3
DA:130,3
DA:131,0
DA:132,0
DA:133,0
DA:134,3
DA:135,1
DA:136,1
DA:137,1
DA:138,2
DA:139,2
DA:140,2
DA:141,2
DA:142,2
DA:143,2
DA:144,2
DA:145,0
DA:146,0
DA:147,0
DA:148,0
DA:149,0
DA:150,0
DA:151,0
DA:152,0
DA:153,0
DA:154,0
DA:155,0
DA:156,0
DA:157,0
DA:158,0
DA:159,0
DA:160,0
DA:161,0
DA:162,0
DA:163,0
DA:164,0
DA:165,0
DA:166,0
DA:167,0
DA:168,0
DA:169,0
DA:170,3
DA:171,4
DA:172,4
DA:173,1
DA:174,1
DA:175,4
DA:176,4
DA:177,4
DA:178,4
DA:179,4
DA:180,0
DA:181,0
DA:182,0
DA:183,4
DA:184,4
DA:185,4
DA:186,4
DA:187,0
DA:188,0
DA:189,0
DA:190,4
DA:191,1
DA:192,1
DA:193,1
DA:194,3
DA:195,3
DA:196,3
DA:197,0
DA:198,0
DA:199,0
DA:200,3
DA:201,1
DA:202,1
DA:203,1
DA:204,2
DA:205,2
DA:206,2
DA:207,2
DA:208,2
DA:209,0
DA:210,0
DA:211,0
DA:212,0
DA:213,0
DA:214,0
DA:215,0
DA:216,0
DA:217,3
DA:218,4
DA:219,4
DA:220,1
DA:221,1
DA:222,1
DA:223,1
DA:224,1
DA:225,1
DA:226,1
DA:227,1
DA:228,1
DA:229,1
DA:230,1
LF:230
LH:161
BRDA:6,0,0,4
BRDA:9,1,0,0
BRDA:15,2,0,3
BRDA:15,3,0,1
BRDA:18,4,0,3
BRDA:21,5,0,3
BRDA:23,6,0,2
BRDA:49,7,0,1
BRDA:50,8,0,0
BRDA:25,9,0,2
BRDA:26,10,0,0
BRDA:41,11,0,2
BRDA:42,12,0,0
BRDA:62,13,0,3
BRDA:65,14,0,3
BRDA:66,15,0,0
BRDA:70,16,0,2
BRDA:72,17,0,1
BRDA:80,18,0,2
BRDA:83,19,0,2
BRDA:84,20,0,0
BRDA:88,21,0,1
BRDA:90,22,0,1
BRDA:91,23,0,0
BRDA:108,24,0,4
BRDA:119,25,0,4
BRDA:120,26,0,0
BRDA:124,27,0,1
BRDA:127,28,0,3
BRDA:129,29,0,3
BRDA:130,30,0,0
BRDA:134,31,0,1
BRDA:137,32,0,2
BRDA:144,33,0,0
BRDA:141,34,0,24
BRDA:174,35,0,4
BRDA:179,36,0,0
BRDA:185,37,0,4
BRDA:186,38,0,0
BRDA:190,39,0,1
BRDA:193,40,0,3
BRDA:195,41,0,3
BRDA:196,42,0,0
BRDA:200,43,0,1
BRDA:203,44,0,2
BRDA:208,45,0,0
BRF:46
BRH:32
end_of_record
TN:
SF:controllers\piano_pulizia.js
FN:6,createPianoPulizia
FN:51,getPianoPuliziaList
FN:89,getPianoPuliziaInfoForOrg
FN:110,getPianoPuliziaInfoForRobot
FN:135,assegnaPianoPulizia
FNF:5
FNH:5
FNDA:5,createPianoPulizia
FNDA:3,getPianoPuliziaList
FNDA:4,getPianoPuliziaInfoForOrg
FNDA:3,getPianoPuliziaInfoForRobot
FNDA:3,assegnaPianoPulizia
DA:1,1
DA:2,1
DA:3,1
DA:4,1
DA:5,1
DA:6,1
DA:7,5
DA:8,5
DA:9,5
DA:10,5
DA:11,1
DA:12,1
DA:13,4
DA:14,4
DA:15,4
DA:16,4
DA:17,4
DA:18,4
DA:19,5
DA:20,0
DA:21,0
DA:22,4
DA:23,4
DA:24,5
DA:25,1
DA:26,1
DA:27,3
DA:28,3
DA:29,5
DA:30,1
DA:31,1
DA:32,2
DA:33,2
DA:34,2
DA:35,2
DA:36,2
DA:37,2
DA:38,2
DA:39,2
DA:40,2
DA:41,2
DA:42,2
DA:43,2
DA:44,2
DA:45,2
DA:46,2
DA:47,2
DA:48,1
DA:49,1
DA:50,1
DA:51,1
DA:52,3
DA:53,3
DA:54,3
DA:55,1
DA:56,1
DA:57,2
DA:58,2
DA:59,2
DA:60,2
DA:61,0
DA:62,0
DA:63,2
DA:64,2
DA:65,0
DA:66,0
DA:67,2
DA:68,2
DA:69,2
DA:70,0
DA:71,0
DA:72,2
DA:73,2
DA:74,0
DA:75,0
DA:76,2
DA:77,2
DA:78,2
DA:79,184
DA:80,2
DA:81,2
DA:82,2
DA:83,2
DA:84,2
DA:85,2
DA:86,1
DA:87,1
DA:88,1
DA:89,1
DA:90,4
DA:91,4
DA:92,4
DA:93,0
DA:94,0
DA:95,4
DA:96,4
DA:97,4
DA:98,0
DA:99,0
DA:100,4
DA:101,4
DA:102,1
DA:103,1
DA:104,3
DA:105,3
DA:106,4
DA:107,4
DA:108,1
DA:109,1
DA:110,1
DA:111,3
DA:112,3
DA:113,3
DA:114,3
DA:115,0
DA:116,0
DA:117,3
DA:118,3
DA:119,3
DA:120,0
DA:121,0
DA:122,3
DA:123,3
DA:124,1
DA:125,1
DA:126,2
DA:127,0
DA:128,0
DA:129,2
DA:130,2
DA:131,3
DA:132,3
DA:133,1
DA:134,1
DA:135,1
DA:136,3
DA:137,3
DA:138,3
DA:139,3
DA:140,0
DA:141,0
DA:142,3
DA:143,3
DA:144,1
DA:145,1
DA:146,2
DA:147,2
DA:148,2
DA:149,2
DA:150,2
DA:151,2
DA:152,2
DA:153,2
DA:154,2
DA:155,0
DA:156,0
DA:157,2
DA:158,2
DA:159,2
DA:160,2
DA:161,2
DA:162,2
DA:163,0
DA:164,0
DA:165,2
DA:166,2
DA:167,2
DA:168,2
DA:169,2
DA:170,0
DA:171,0
DA:172,0
DA:173,0
DA:174,0
DA:175,0
DA:176,0
DA:177,0
DA:178,0
DA:179,0
DA:180,0
DA:181,0
DA:182,0
DA:183,2
DA:184,3
DA:185,3
DA:186,1
DA:187,1
DA:188,1
DA:189,1
DA:190,1
DA:191,1
DA:192,1
DA:193,1
DA:194,1
DA:195,1
DA:196,1
DA:197,1
LF:197
LH:158
BRDA:6,0,0,5
BRDA:10,1,0,4
BRDA:10,2,0,4
BRDA:10,3,0,4
BRDA:10,4,0,1
BRDA:12,5,0,4
BRDA:19,6,0,0
BRDA:21,7,0,4
BRDA:24,8,0,1
BRDA:26,9,0,3
BRDA:29,10,0,1
BRDA:31,11,0,2
BRDA:43,12,0,2
BRDA:44,13,0,0
BRDA:51,14,0,3
BRDA:54,15,0,1
BRDA:56,16,0,2
BRDA:59,17,0,2
BRDA:60,18,0,0
BRDA:64,19,0,0
BRDA:68,20,0,2
BRDA:69,21,0,0
BRDA:73,22,0,0
BRDA:78,23,0,184
BRDA:89,24,0,4
BRDA:92,25,0,0
BRDA:96,26,0,4
BRDA:97,27,0,0
BRDA:101,28,0,1
BRDA:103,29,0,3
BRDA:110,30,0,3
BRDA:114,31,0,0
BRDA:118,32,0,3
BRDA:119,33,0,0
BRDA:123,34,0,1
BRDA:126,35,0,2
BRDA:126,36,0,0
BRDA:135,37,0,3
BRDA:138,38,0,3
BRDA:139,39,0,0
BRDA:143,40,0,1
BRDA:145,41,0,2
BRDA:153,42,0,2
BRDA:154,43,0,0
BRDA:162,44,0,0
BRDA:169,45,0,0
BRF:46
BRH:31
end_of_record
TN:
SF:controllers\rifiuto.js
FN:8,riconoscimentoRifiuto
FN:76,getDettagliRifiuto
FN:109,getTrashToCollect
FN:142,getTrashToClassify
FN:166,deleteRifiuto
FN:185,classificaRifiuto
FNF:6
FNH:6
FNDA:4,riconoscimentoRifiuto
FNDA:1,getDettagliRifiuto
FNDA:3,getTrashToCollect
FNDA:2,getTrashToClassify
FNDA:1,deleteRifiuto
FNDA:2,classificaRifiuto
DA:1,1
DA:2,1
DA:3,1
DA:4,1
DA:5,1
DA:6,1
DA:7,1
DA:8,1
DA:9,4
DA:10,4
DA:11,4
DA:12,4
DA:13,4
DA:14,4
DA:15,1
DA:16,1
DA:17,3
DA:18,3
DA:19,3
DA:20,3
DA:21,3
DA:22,3
DA:23,3
DA:24,0
DA:25,0
DA:26,3
DA:27,3
DA:28,3
DA:29,3
DA:30,3
DA:31,3
DA:32,3
DA:33,3
DA:34,3
DA:35,3
DA:36,3
DA:37,3
DA:38,0
DA:39,0
DA:40,3
DA:41,2
DA:42,2
DA:43,1
DA:44,1
DA:45,0
DA:46,0
DA:47,1
DA:48,0
DA:49,0
DA:50,1
DA:51,1
DA:52,1
DA:53,1
DA:54,1
DA:55,1
DA:56,1
DA:57,1
DA:58,1
DA:59,1
DA:60,1
DA:61,0
DA:62,0
DA:63,1
DA:64,1
DA:65,1
DA:66,3
DA:67,3
DA:68,0
DA:69,0
DA:70,0
DA:71,0
DA:72,3
DA:73,3
DA:74,3
DA:75,1
DA:76,1
DA:77,1
DA:78,1
DA:79,1
DA:80,1
DA:81,0
DA:82,0
DA:83,1
DA:84,0
DA:85,0
DA:86,1
DA:87,1
DA:88,0
DA:89,0
DA:90,1
DA:91,0
DA:92,0
DA:93,1
DA:94,1
DA:95,1
DA:96,0
DA:97,0
DA:98,1
DA:99,0
DA:100,0
DA:101,1
DA:102,1
DA:103,1
DA:104,1
DA:105,1
DA:106,1
DA:107,1
DA:108,1
DA:109,1
DA:110,3
DA:111,3
DA:112,3
DA:113,3
DA:114,0
DA:115,0
DA:116,3
DA:117,1
DA:118,1
DA:119,2
DA:120,2
DA:121,0
DA:122,0
DA:123,2
DA:124,1
DA:125,1
DA:126,1
DA:127,1
DA:128,1
DA:129,0
DA:130,0
DA:131,1
DA:132,0
DA:133,0
DA:134,1
DA:135,1
DA:136,2
DA:137,3
DA:138,3
DA:139,1
DA:140,1
DA:141,1
DA:142,1
DA:143,2
DA:144,2
DA:145,2
DA:146,1
DA:147,1
DA:148,1
DA:149,1
DA:150,1
DA:151,0
DA:152,0
DA:153,1
DA:154,0
DA:155,0
DA:156,1
DA:157,1
DA:158,0
DA:159,0
DA:160,1
DA:161,1
DA:162,1
DA:163,1
DA:164,1
DA:165,1
DA:166,1
DA:167,1
DA:168,1
DA:169,1
DA:170,0
DA:171,0
DA:172,1
DA:173,1
DA:174,1
DA:175,0
DA:176,0
DA:177,1
DA:178,1
DA:179,1
DA:180,0
DA:181,1
DA:182,1
DA:183,1
DA:184,1
DA:185,1
DA:186,2
DA:187,2
DA:188,2
DA:189,2
DA:190,1
DA:191,1
DA:192,1
DA:193,1
DA:194,1
DA:195,0
DA:196,0
DA:197,1
DA:198,0
DA:199,0
DA:200,1
DA:201,1
DA:202,1
DA:203,1
DA:204,1
DA:205,1
DA:206,1
DA:207,1
DA:208,1
DA:209,1
DA:210,1
DA:211,1
DA:212,1
DA:213,1
LF:213
LH:164
BRDA:8,0,0,4
BRDA:14,1,0,3
BRDA:14,2,0,1
BRDA:16,3,0,3
BRDA:22,4,0,3
BRDA:23,5,0,0
BRDA:68,6,0,0
BRDA:36,7,0,3
BRDA:37,8,0,0
BRDA:40,9,0,2
BRDA:42,10,0,1
BRDA:43,11,0,1
BRDA:44,12,0,0
BRDA:47,13,0,0
BRDA:59,14,0,1
BRDA:60,15,0,0
BRDA:76,16,0,1
BRDA:79,17,0,1
BRDA:80,18,0,0
BRDA:83,19,0,0
BRDA:86,20,0,1
BRDA:87,21,0,0
BRDA:90,22,0,0
BRDA:94,23,0,1
BRDA:95,24,0,0
BRDA:98,25,0,0
BRDA:109,26,0,3
BRDA:112,27,0,3
BRDA:113,28,0,0
BRDA:116,29,0,1
BRDA:118,30,0,2
BRDA:119,31,0,2
BRDA:120,32,0,0
BRDA:123,33,0,1
BRDA:127,34,0,1
BRDA:128,35,0,0
BRDA:131,36,0,0
BRDA:142,37,0,2
BRDA:145,38,0,1
BRDA:149,39,0,1
BRDA:150,40,0,0
BRDA:153,41,0,0
BRDA:157,42,0,0
BRDA:166,43,0,1
BRDA:169,44,0,0
BRDA:173,45,0,1
BRDA:174,46,0,0
BRDA:179,47,0,0
BRDA:185,48,0,2
BRDA:189,49,0,1
BRDA:193,50,0,1
BRDA:194,51,0,0
BRDA:197,52,0,0
BRF:53
BRH:29
end_of_record
TN:
SF:controllers\robot.js
FN:9,createRobot
FN:58,getRobotById
FN:96,updateRobot
FNF:3
FNH:3
FNDA:4,createRobot
FNDA:3,getRobotById
FNDA:2,updateRobot
DA:1,1
DA:2,1
DA:3,1
DA:4,1
DA:5,1
DA:6,1
DA:7,1
DA:8,1
DA:9,1
DA:10,4
DA:11,4
DA:12,4
DA:13,4
DA:14,4
DA:15,1
DA:16,1
DA:17,3
DA:18,3
DA:19,3
DA:20,3
DA:21,0
DA:22,0
DA:23,3
DA:24,1
DA:25,1
DA:26,2
DA:27,2
DA:28,2
DA:29,2
DA:30,2
DA:31,2
DA:32,2
DA:33,2
DA:34,2
DA:35,2
DA:36,2
DA:37,2
DA:38,2
DA:39,2
DA:40,2
DA:41,2
DA:42,2
DA:43,2
DA:44,2
DA:45,2
DA:46,2
DA:47,2
DA:48,2
DA:49,2
DA:50,2
DA:51,0
DA:52,2
DA:53,3
DA:54,0
DA:55,3
DA:56,3
DA:57,1
DA:58,1
DA:59,3
DA:60,3
DA:61,3
DA:62,3
DA:63,3
DA:64,3
DA:65,3
DA:66,3
DA:67,3
DA:68,3
DA:69,3
DA:70,3
DA:71,3
DA:72,3
DA:73,0
DA:74,0
DA:75,3
DA:76,3
DA:77,3
DA:78,0
DA:79,0
DA:80,3
DA:81,3
DA:82,0
DA:83,0
DA:84,3
DA:85,3
DA:86,3
DA:87,3
DA:88,0
DA:89,3
DA:90,3
DA:91,0
DA:92,3
DA:93,3
DA:94,1
DA:95,1
DA:96,1
DA:97,2
DA:98,2
DA:99,2
DA:100,2
DA:101,2
DA:102,2
DA:103,2
DA:104,2
DA:105,2
DA:106,2
DA:107,2
DA:108,2
DA:109,1
DA:110,1
DA:111,1
DA:112,1
DA:113,1
DA:114,1
DA:115,1
DA:116,1
DA:117,1
DA:118,1
DA:119,1
DA:120,0
DA:121,0
DA:122,1
DA:123,1
DA:124,1
DA:125,0
DA:126,1
DA:127,1
DA:128,1
DA:129,1
DA:130,1
DA:131,1
DA:132,1
DA:133,1
DA:134,1
DA:135,1
LF:135
LH:120
BRDA:9,0,0,4
BRDA:14,1,0,1
BRDA:16,2,0,3
BRDA:19,3,0,3
BRDA:20,4,0,0
BRDA:23,5,0,1
BRDA:25,6,0,2
BRDA:48,7,0,2
BRDA:58,8,0,3
BRDA:71,9,0,3
BRDA:72,10,0,0
BRDA:76,11,0,3
BRDA:77,12,0,0
BRDA:81,13,0,0
BRDA:96,14,0,2
BRDA:108,15,0,1
BRDA:108,16,0,1
BRDA:108,17,0,1
BRDA:108,18,0,1
BRDA:118,19,0,1
BRDA:119,20,0,0
BRF:21
BRH:16
end_of_record
TN:
SF:controllers\utente.js
FN:6,login
FN:47,signup
FN:84,logout
FN:88,getProfile
FN:112,getOrganisations
FNF:5
FNH:4
FNDA:6,login
FNDA:4,signup
FNDA:0,logout
FNDA:2,getProfile
FNDA:2,getOrganisations
DA:1,1
DA:2,1
DA:3,1
DA:4,1
DA:5,1
DA:6,1
DA:7,6
DA:8,2
DA:9,2
DA:10,4
DA:11,4
DA:12,0
DA:13,4
DA:14,4
DA:15,4
DA:16,6
DA:17,1
DA:18,1
DA:19,1
DA:20,3
DA:21,3
DA:22,3
DA:23,3
DA:24,6
DA:25,1
DA:26,1
DA:27,2
DA:28,2
DA:29,2
DA:30,2
DA:31,2
DA:32,2
DA:33,2
DA:34,2
DA:35,2
DA:36,2
DA:37,2
DA:38,2
DA:39,2
DA:40,2
DA:41,2
DA:42,2
DA:43,2
DA:44,2
DA:45,1
DA:46,1
DA:47,1
DA:48,4
DA:49,2
DA:50,2
DA:51,2
DA:52,2
DA:53,2
DA:54,2
DA:55,2
DA:56,2
DA:57,0
DA:58,2
DA:59,2
DA:60,4
DA:61,1
DA:62,1
DA:63,1
DA:64,1
DA:65,1
DA:66,1
DA:67,1
DA:68,1
DA:69,1
DA:70,1
DA:71,1
DA:72,1
DA:73,1
DA:74,1
DA:75,1
DA:76,1
DA:77,1
DA:78,0
DA:79,0
DA:80,1
DA:81,1
DA:82,1
DA:83,1
DA:84,1
DA:85,0
DA:86,0
DA:87,1
DA:88,1
DA:89,2
DA:90,2
DA:91,2
DA:92,0
DA:93,0
DA:94,0
DA:95,2
DA:96,2
DA:97,2
DA:98,2
DA:99,2
DA:100,2
DA:101,0
DA:102,2
DA:103,2
DA:104,2
DA:105,0
DA:106,0
DA:107,0
DA:108,2
DA:109,2
DA:110,2
DA:111,1
DA:112,1
DA:113,2
DA:114,2
DA:115,2
DA:116,0
DA:117,0
DA:118,0
DA:119,2
DA:120,2
DA:121,2
DA:122,2
DA:123,2
DA:124,2
DA:125,0
DA:126,2
DA:127,2
DA:128,2
DA:129,0
DA:130,0
DA:131,0
DA:132,2
DA:133,2
DA:134,2
DA:135,1
DA:136,1
DA:137,1
DA:138,1
DA:139,1
DA:140,1
DA:141,1
DA:142,1
LF:142
LH:122
BRDA:6,0,0,6
BRDA:7,1,0,4
BRDA:7,2,0,2
BRDA:9,3,0,4
BRDA:16,4,0,1
BRDA:19,5,0,3
BRDA:24,6,0,1
BRDA:26,7,0,2
BRDA:47,8,0,4
BRDA:48,9,0,2
BRDA:48,10,0,2
BRDA:48,11,0,2
BRDA:48,12,0,2
BRDA:60,13,0,1
BRDA:54,14,0,2
BRDA:76,15,0,1
BRDA:77,16,0,0
BRDA:88,17,0,2
BRDA:91,18,0,0
BRDA:104,19,0,0
BRDA:98,20,0,2
BRDA:112,21,0,2
BRDA:115,22,0,0
BRDA:128,23,0,0
BRDA:122,24,0,2
BRF:25
BRH:20
end_of_record
TN:
SF:controllers\zona.js
FN:6,createZone
FN:40,getZonePosition
FN:69,getZoneContainers
FNF:3
FNH:3
FNDA:2,createZone
FNDA:2,getZonePosition
FNDA:2,getZoneContainers
DA:1,1
DA:2,1
DA:3,1
DA:4,1
DA:5,1
DA:6,1
DA:7,2
DA:8,2
DA:9,2
DA:10,2
DA:11,2
DA:12,2
DA:13,2
DA:14,2
DA:15,1
DA:16,1
DA:17,1
DA:18,1
DA:19,1
DA:20,1
DA:21,1
DA:22,1
DA:23,1
DA:24,1
DA:25,1
DA:26,1
DA:27,1
DA:28,1
DA:29,1
DA:30,0
DA:31,0
DA:32,1
DA:33,1
DA:34,1
DA:35,1
DA:36,1
DA:37,1
DA:38,1
DA:39,1
DA:40,1
DA:41,2
DA:42,2
DA:43,2
DA:44,2
DA:45,0
DA:46,0
DA:47,0
DA:48,2
DA:49,2
DA:50,2
DA:51,2
DA:52,2
DA:53,2
DA:54,0
DA:55,0
DA:56,2
DA:57,0
DA:58,0
DA:59,0
DA:60,2
DA:61,2
DA:62,2
DA:63,2
DA:64,2
DA:65,2
DA:66,1
DA:67,1
DA:68,1
DA:69,1
DA:70,2
DA:71,2
DA:72,2
DA:73,2
DA:74,0
DA:75,0
DA:76,0
DA:77,2
DA:78,2
DA:79,2
DA:80,2
DA:81,2
DA:82,2
DA:83,0
DA:84,0
DA:85,2
DA:86,0
DA:87,0
DA:88,0
DA:89,2
DA:90,2
DA:91,2
DA:92,2
DA:93,2
DA:94,2
DA:95,1
DA:96,1
DA:97,1
DA:98,1
DA:99,1
DA:100,1
DA:101,1
DA:102,1
DA:103,1
LF:103
LH:85
BRDA:6,0,0,2
BRDA:14,1,0,1
BRDA:14,2,0,1
BRDA:28,3,0,1
BRDA:29,4,0,0
BRDA:40,5,0,2
BRDA:44,6,0,0
BRDA:52,7,0,2
BRDA:53,8,0,0
BRDA:56,9,0,0
BRDA:69,10,0,2
BRDA:73,11,0,0
BRDA:81,12,0,2
BRDA:82,13,0,0
BRDA:85,14,0,0
BRF:15
BRH:8
end_of_record
TN:
SF:middleware\tokenChecker.js
FN:3,tokenChecker
FNF:1
FNH:1
FNDA:93,tokenChecker
DA:1,1
DA:2,1
DA:3,1
DA:4,93
DA:5,93
DA:6,93
DA:7,93
DA:8,69
DA:9,69
DA:10,69
DA:11,67
DA:12,67
DA:13,67
DA:14,67
DA:15,67
DA:16,69
DA:17,69
DA:18,1
DA:19,1
LF:19
LH:19
BRDA:3,0,0,93
BRDA:7,1,0,24
BRDA:8,2,0,69
BRDA:9,3,0,69
BRDA:10,4,0,2
BRDA:11,5,0,67
BRF:6
BRH:6
end_of_record
TN:
SF:models\organisation.js
FNF:0
FNH:0
DA:1,1
DA:2,1
DA:3,1
DA:4,1
DA:5,1
DA:6,1
DA:7,1
DA:8,1
DA:9,1
DA:10,1
LF:10
LH:10
BRF:0
BRH:0
end_of_record
TN:
SF:models\piano_pulizia.js
FNF:0
FNH:0
DA:1,1
DA:2,1
DA:3,1
DA:4,1
DA:5,1
DA:6,1
DA:7,1
DA:8,1
DA:9,1
DA:10,1
DA:11,1
DA:12,1
DA:13,1
LF:13
LH:13
BRF:0
BRH:0
end_of_record
TN:
SF:models\rifiuto.js
FNF:0
FNH:0
DA:1,1
DA:2,1
DA:3,1
DA:4,1
DA:5,1
DA:6,1
DA:7,1
DA:8,1
DA:9,1
DA:10,1
DA:11,1
DA:12,1
DA:13,1
DA:14,1
DA:15,1
DA:16,1
DA:17,1
DA:18,1
DA:19,1
LF:19
LH:19
BRF:0
BRH:0
end_of_record
TN:
SF:models\robot.js
FNF:0
FNH:0
DA:1,1
DA:2,1
DA:3,1
DA:4,1
DA:5,1
DA:6,1
DA:7,1
DA:8,1
DA:9,1
DA:10,1
DA:11,1
DA:12,1
DA:13,1
DA:14,1
DA:15,1
DA:16,1
DA:17,1
DA:18,1
LF:18
LH:18
BRF:0
BRH:0
end_of_record
TN:
SF:models\utente.js
FNF:0
FNH:0
DA:1,1
DA:2,1
DA:3,1
DA:4,1
DA:5,1
DA:6,1
DA:7,1
DA:8,1
DA:9,1
DA:10,1
DA:11,1
DA:12,1
DA:13,1
DA:14,1
LF:14
LH:14
BRF:0
BRH:0
end_of_record
TN:
SF:models\zona.js
FNF:0
FNH:0
DA:1,1
DA:2,1
DA:3,1
DA:4,1
DA:5,1
DA:6,1
DA:7,1
DA:8,1
DA:9,1
DA:10,1
DA:11,1
DA:12,1
DA:13,1
DA:14,1
DA:15,1
DA:16,1
DA:17,1
DA:18,1
DA:19,1
DA:20,1
DA:21,1
DA:22,1
DA:23,1
LF:23
LH:23
BRF:0
BRH:0
end_of_record
TN:
SF:routes\organisation.js
FNF:0
FNH:0
DA:1,1
DA:2,1
DA:3,1
DA:4,1
DA:5,1
DA:6,1
DA:7,1
DA:8,1
DA:9,1
DA:10,1
DA:11,1
DA:12,1
DA:13,1
DA:14,1
DA:15,1
DA:16,1
DA:17,1
DA:18,1
DA:19,1
DA:20,1
LF:20
LH:20
BRF:0
BRH:0
end_of_record
TN:
SF:routes\piano_pulizia.js
FNF:0
FNH:0
DA:1,1
DA:2,1
DA:3,1
DA:4,1
DA:5,1
DA:6,1
DA:7,1
DA:8,1
DA:9,1
DA:10,1
DA:11,1
DA:12,1
DA:13,1
DA:14,1
DA:15,1
DA:16,1
DA:17,1
DA:18,1
DA:19,1
DA:20,1
DA:21,1
LF:21
LH:21
BRF:0
BRH:0
end_of_record
TN:
SF:routes\rifiuto.js
FNF:0
FNH:0
DA:1,1
DA:2,1
DA:3,1
DA:4,1
DA:5,1
DA:6,1
DA:7,1
DA:8,1
DA:9,1
DA:10,1
DA:11,1
DA:12,1
DA:13,1
DA:14,1
DA:15,1
DA:16,1
DA:17,1
DA:18,1
DA:19,1
DA:20,1
DA:21,1
DA:22,1
DA:23,1
DA:24,1
DA:25,1
DA:26,1
LF:26
LH:26
BRF:0
BRH:0
end_of_record
TN:
SF:routes\robot.js
FNF:0
FNH:0
DA:1,1
DA:2,1
DA:3,1
DA:4,1
DA:5,1
DA:6,1
DA:7,1
DA:8,1
DA:9,1
DA:10,1
DA:11,1
DA:12,1
DA:13,1
DA:14,1
DA:15,1
DA:16,1
DA:17,1
LF:17
LH:17
BRF:0
BRH:0
end_of_record
TN:
SF:routes\utente.js
FNF:0
FNH:0
DA:1,1
DA:2,1
DA:3,1
DA:4,1
DA:5,1
DA:6,1
DA:7,1
DA:8,1
DA:9,1
DA:10,1
DA:11,1
DA:12,1
DA:13,1
DA:14,1
DA:15,1
DA:16,1
DA:17,1
DA:18,1
DA:19,1
DA:20,1
DA:21,1
DA:22,1
LF:22
LH:22
BRF:0
BRH:0
end_of_record
TN:
SF:routes\zona.js
FNF:0
FNH:0
DA:1,1
DA:2,1
DA:3,1
DA:4,1
DA:5,1
DA:6,1
DA:7,1
DA:8,1
DA:9,1
DA:10,1
DA:11,1
DA:12,1
DA:13,1
DA:14,1
DA:15,1
DA:16,1
LF:16
LH:16
BRF:0
BRH:0
end_of_record
